\BOOKMARK [1][-]{section.1}{\376\377\000D\000o\000k\000u\000m\000e\000n\000t\000a\000c\000j\000a\000\040\000f\000u\000n\000k\000c\000j\000o\000n\000a\000l\000n\000a\000\040\000-\000\040\000A\000p\000l\000i\000k\000a\000c\000j\000a\000\040\000w\000\040\000j\001\031\000z\000y\000k\000u\000\040\000C}{}% 1
\BOOKMARK [2][-]{subsection.1.1}{\376\377\000C\000e\000l\000\040\000p\000r\000o\000j\000e\000k\000t\000u}{section.1}% 2
\BOOKMARK [2][-]{subsection.1.2}{\376\377\000O\000p\000i\000s\000\040\000f\000u\000n\000k\000c\000j\000i\000\040\000i\000\040\000a\000l\000g\000o\000r\000y\000t\000m\000\363\000w}{section.1}% 3
\BOOKMARK [3][-]{subsubsection.1.2.1}{\376\377\000A\000l\000g\000o\000r\000y\000t\000m\000\040\000F\000r\000u\000c\000h\000t\000e\000r\000m\000a\000n\000-\000R\000e\000i\000n\000g\000o\000l\000d}{subsection.1.2}% 4
\BOOKMARK [3][-]{subsubsection.1.2.2}{\376\377\000T\000w\000i\000e\000r\000d\000z\000e\000n\000i\000e\000\040\000T\000u\000t\000t\000e\000'\000a\000\040\000o\000\040\000s\000p\000r\001\031\001\174\000y\000n\000a\000c\000h}{subsection.1.2}% 5
\BOOKMARK [2][-]{subsection.1.3}{\376\377\000I\000n\000s\000t\000r\000u\000k\000c\000j\000a\000\040\000o\000b\000s\001\102\000u\000g\000i\000\040\040\023\000\040\000J\000a\000k\000\040\000u\000r\000u\000c\000h\000o\000m\000i\001\007\000\040\000p\000r\000o\000g\000r\000a\000m\000?}{section.1}% 6
\BOOKMARK [3][-]{subsubsection.1.3.1}{\376\377\000K\000r\000o\000k\000\040\0001\000:\000\040\000P\000r\000z\000y\000g\000o\000t\000o\000w\000a\000n\000i\000e\000\040\000p\000l\000i\000k\000u\000\040\000z\000\040\000g\000r\000a\000f\000e\000m}{subsection.1.3}% 7
\BOOKMARK [3][-]{subsubsection.1.3.2}{\376\377\000K\000r\000o\000k\000\040\0002\000:\000\040\000U\000r\000u\000c\000h\000o\000m\000i\000e\000n\000i\000e\000\040\000p\000r\000o\000g\000r\000a\000m\000u}{subsection.1.3}% 8
\BOOKMARK [3][-]{subsubsection.1.3.3}{\376\377\000K\000r\000o\000k\000\040\0003\000:\000\040\000Z\000r\000o\000z\000u\000m\000i\000e\000n\000i\000e\000\040\000o\000p\000c\000j\000i\000\040\000\050\000f\000l\000a\000g\000\051}{subsection.1.3}% 9
\BOOKMARK [2][-]{subsection.1.4}{\376\377\000F\000o\000r\000m\000a\000t\000\040\000d\000a\000n\000y\000c\000h\000\040\000w\000e\000j\001\133\000c\000i\000o\000w\000y\000c\000h\000\040\000i\000\040\000w\000y\000j\001\133\000c\000i\000o\000w\000y\000c\000h}{section.1}% 10
\BOOKMARK [3][-]{subsubsection.1.4.1}{\376\377\000F\000o\000r\000m\000a\000t\000\040\000w\000e\000j\001\133\000c\000i\000o\000w\000y\000\040\000\050\000L\000i\000s\000t\000a\000\040\000k\000r\000a\000w\001\031\000d\000z\000i\000\051}{subsection.1.4}% 11
\BOOKMARK [3][-]{subsubsection.1.4.2}{\376\377\000F\000o\000r\000m\000a\000t\000\040\000w\000y\000j\001\133\000c\000i\000o\000w\000y\000\040\000\050\000W\000s\000p\000\363\001\102\000r\000z\001\031\000d\000n\000e\000\040\000p\000u\000n\000k\000t\000\363\000w\000\051}{subsection.1.4}% 12
\BOOKMARK [3][-]{subsubsection.1.4.3}{\376\377\000O\000p\000c\000j\000o\000n\000a\000l\000n\000y\000\040\000f\000o\000r\000m\000a\000t\000\040\000b\000i\000n\000a\000r\000n\000y}{subsection.1.4}% 13
\BOOKMARK [2][-]{subsection.1.5}{\376\377\000S\000y\000t\000u\000a\000c\000j\000e\000\040\000w\000y\000j\001\005\000t\000k\000o\000w\000e\000\040\000i\000\040\000k\000o\000d\000y\000\040\000b\001\102\001\031\000d\000\363\000w}{section.1}% 14
\BOOKMARK [1][-]{section.2}{\376\377\000D\000o\000k\000u\000m\000e\000n\000t\000a\000c\000j\000a\000\040\000i\000m\000p\000l\000e\000m\000e\000n\000t\000a\000c\000y\000j\000n\000a\000\040\040\024\000\040\000A\000r\000c\000h\000i\000t\000e\000k\000t\000u\000r\000a\000\040\000i\000\040\000t\000e\000c\000h\000n\000i\000c\000z\000n\000e\000\040\000s\000z\000c\000z\000e\000g\000\363\001\102\000y\000\040\000s\000y\000s\000t\000e\000m\000u}{}% 15
\BOOKMARK [2][-]{subsection.2.1}{\376\377\000F\000i\000l\000o\000z\000o\000f\000i\000a\000\040\000p\000r\000o\000j\000e\000k\000t\000o\000w\000a\000\040\000i\000\040\000m\000o\000d\000u\000l\000a\000r\000n\000o\001\133\001\007}{section.2}% 16
\BOOKMARK [2][-]{subsection.2.2}{\376\377\000S\000z\000c\000z\000e\000g\000\363\001\102\000o\000w\000a\000\040\000a\000n\000a\000l\000i\000z\000a\000\040\000s\000t\000r\000u\000k\000t\000u\000r\000\040\000d\000a\000n\000y\000c\000h}{section.2}% 17
\BOOKMARK [3][-]{subsubsection.2.2.1}{\376\377\000R\000e\000p\000r\000e\000z\000e\000n\000t\000a\000c\000j\000a\000\040\000w\000i\000e\000r\000z\000c\000h\000o\001\102\000k\000a\000\040\000\050\000V\000e\000r\000t\000e\000x\000\051}{subsection.2.2}% 18
\BOOKMARK [3][-]{subsubsection.2.2.2}{\376\377\000R\000e\000p\000r\000e\000z\000e\000n\000t\000a\000c\000j\000a\000\040\000p\000o\001\102\001\005\000c\000z\000e\000n\000i\000a\000\040\000\050\000E\000d\000g\000e\000\051}{subsection.2.2}% 19
\BOOKMARK [3][-]{subsubsection.2.2.3}{\376\377\000Z\000a\000r\000z\001\005\000d\000z\000a\000n\000i\000e\000\040\000d\000y\000n\000a\000m\000i\000c\000z\000n\000e\000\040\000g\000r\000a\000f\000e\000m\000\040\000\050\000G\000r\000a\000p\000h\000\051}{subsection.2.2}% 20
\BOOKMARK [2][-]{subsection.2.3}{\376\377\000I\000m\000p\000l\000e\000m\000e\000n\000t\000a\000c\000j\000a\000\040\000w\000a\000r\000s\000t\000w\000y\000\040\000w\000e\000j\001\133\000c\000i\000a\000/\000w\000y\000j\001\133\000c\000i\000a}{section.2}% 21
\BOOKMARK [3][-]{subsubsection.2.3.1}{\376\377\000W\000c\000z\000y\000t\000y\000w\000a\000n\000i\000e\000\040\000z\000\040\000w\000a\000l\000i\000d\000a\000c\000j\001\005\000\040\000z\000a\000s\000o\000b\000\363\000w}{subsection.2.3}% 22
\BOOKMARK [3][-]{subsubsection.2.3.2}{\376\377\000S\000e\000r\000i\000a\000l\000i\000z\000a\000c\000j\000a\000\040\000d\000a\000n\000y\000c\000h\000\040\000\050\000Z\000a\000p\000i\000s\000\051}{subsection.2.3}% 23
\BOOKMARK [2][-]{subsection.2.4}{\376\377\000A\000l\000g\000o\000r\000y\000t\000m\000y\000\040\000p\000o\000z\000y\000c\000j\000o\000n\000o\000w\000a\000n\000i\000a\000\040\000\050\000l\000a\000y\000o\000u\000t\000.\000c\000\051}{section.2}% 24
\BOOKMARK [2][-]{subsection.2.5}{\376\377\000L\000o\000g\000i\000k\000a\000\040\000s\000t\000e\000r\000o\000w\000a\000n\000i\000a\000\040\000i\000\040\000c\000y\000k\000l\000\040\001\174\000y\000c\000i\000a\000\040\000p\000r\000o\000g\000r\000a\000m\000u\000\040\000\050\000m\000a\000i\000n\000.\000c\000\051}{section.2}% 25
\BOOKMARK [2][-]{subsection.2.6}{\376\377\000S\000y\000s\000t\000e\000m\000\040\000k\000o\000d\000\363\000w\000\040\000b\001\102\001\031\000d\000\363\000w\000\040\000i\000\040\000d\000i\000a\000g\000n\000o\000s\000t\000y\000k\000a}{section.2}% 26
\BOOKMARK [2][-]{subsection.2.7}{\376\377\000Z\000a\000r\000z\001\005\000d\000z\000a\000n\000i\000e\000\040\000p\000a\000m\000i\001\031\000c\000i\001\005\000\040\000o\000p\000e\000r\000a\000c\000y\000j\000n\001\005}{section.2}% 27
